<?xml version="1.0" encoding="UTF-8"?>
<testng-results skipped="0" failed="0" ignored="0" total="1" passed="1">
  <reporter-output>
  </reporter-output>
  <suite name="Default suite" duration-ms="10408" started-at="2019-09-14T11:55:45Z" finished-at="2019-09-14T11:55:56Z">
    <groups>
    </groups>
    <test name="Default test" duration-ms="10408" started-at="2019-09-14T11:55:45Z" finished-at="2019-09-14T11:55:56Z">
      <class name="edurekatest.Log4j_Sample">
        <test-method status="PASS" signature="testLogs()[pri:0, instance:edurekatest.Log4j_Sample@31610302]" name="testLogs" duration-ms="10366" started-at="2019-09-14T11:55:45Z" finished-at="2019-09-14T11:55:56Z">
          <reporter-output>
          </reporter-output>
        </test-method> <!-- testLogs -->
      </class> <!-- edurekatest.Log4j_Sample -->
    </test> <!-- Default test -->
  </suite> <!-- Default suite -->
</testng-results>
