<?xml version="1.0" encoding="UTF-8"?>
<testng-results skipped="0" failed="0" ignored="3" total="10" passed="7">
  <reporter-output>
  </reporter-output>
  <suite name="Default suite" duration-ms="120" started-at="2019-08-25T16:57:43Z" finished-at="2019-08-25T16:57:43Z">
    <groups>
      <group name="A">
        <method signature="GroupingDemo1.f1()[pri:0, instance:TestNG.GroupingDemo1@100fc185]" name="f1" class="TestNG.GroupingDemo1"/>
        <method signature="GroupingDemo1.f4()[pri:0, instance:TestNG.GroupingDemo1@100fc185]" name="f4" class="TestNG.GroupingDemo1"/>
        <method signature="GroupingDemo2.g4()[pri:0, instance:TestNG.GroupingDemo2@643b1d11]" name="g4" class="TestNG.GroupingDemo2"/>
      </group> <!-- A -->
      <group name="C">
        <method signature="GroupingDemo1.f2()[pri:0, instance:TestNG.GroupingDemo1@100fc185]" name="f2" class="TestNG.GroupingDemo1"/>
        <method signature="GroupingDemo2.g2()[pri:0, instance:TestNG.GroupingDemo2@643b1d11]" name="g2" class="TestNG.GroupingDemo2"/>
      </group> <!-- C -->
      <group name="D">
        <method signature="GroupingDemo2.g3()[pri:0, instance:TestNG.GroupingDemo2@643b1d11]" name="g3" class="TestNG.GroupingDemo2"/>
        <method signature="GroupingDemo2.g5()[pri:0, instance:TestNG.GroupingDemo2@643b1d11]" name="g5" class="TestNG.GroupingDemo2"/>
      </group> <!-- D -->
    </groups>
    <test name="Default test" duration-ms="120" started-at="2019-08-25T16:57:43Z" finished-at="2019-08-25T16:57:43Z">
      <class name="TestNG.GroupingDemo2">
        <test-method status="PASS" signature="g2()[pri:0, instance:TestNG.GroupingDemo2@643b1d11]" name="g2" duration-ms="5" started-at="2019-08-25T16:57:43Z" finished-at="2019-08-25T16:57:43Z">
          <reporter-output>
          </reporter-output>
        </test-method> <!-- g2 -->
        <test-method status="PASS" signature="g3()[pri:0, instance:TestNG.GroupingDemo2@643b1d11]" name="g3" duration-ms="3" started-at="2019-08-25T16:57:43Z" finished-at="2019-08-25T16:57:43Z">
          <reporter-output>
          </reporter-output>
        </test-method> <!-- g3 -->
        <test-method status="PASS" signature="g4()[pri:0, instance:TestNG.GroupingDemo2@643b1d11]" name="g4" duration-ms="4" started-at="2019-08-25T16:57:43Z" finished-at="2019-08-25T16:57:43Z">
          <reporter-output>
          </reporter-output>
        </test-method> <!-- g4 -->
        <test-method status="PASS" signature="g5()[pri:0, instance:TestNG.GroupingDemo2@643b1d11]" name="g5" duration-ms="2" started-at="2019-08-25T16:57:43Z" finished-at="2019-08-25T16:57:43Z">
          <reporter-output>
          </reporter-output>
        </test-method> <!-- g5 -->
      </class> <!-- TestNG.GroupingDemo2 -->
      <class name="TestNG.GroupingDemo1">
        <test-method status="PASS" signature="f1()[pri:0, instance:TestNG.GroupingDemo1@100fc185]" name="f1" duration-ms="18" started-at="2019-08-25T16:57:43Z" finished-at="2019-08-25T16:57:43Z">
          <reporter-output>
          </reporter-output>
        </test-method> <!-- f1 -->
        <test-method status="PASS" signature="f2()[pri:0, instance:TestNG.GroupingDemo1@100fc185]" name="f2" duration-ms="3" started-at="2019-08-25T16:57:43Z" finished-at="2019-08-25T16:57:43Z">
          <reporter-output>
          </reporter-output>
        </test-method> <!-- f2 -->
        <test-method status="PASS" signature="f4()[pri:0, instance:TestNG.GroupingDemo1@100fc185]" name="f4" duration-ms="2" started-at="2019-08-25T16:57:43Z" finished-at="2019-08-25T16:57:43Z">
          <reporter-output>
          </reporter-output>
        </test-method> <!-- f4 -->
      </class> <!-- TestNG.GroupingDemo1 -->
    </test> <!-- Default test -->
  </suite> <!-- Default suite -->
</testng-results>
