<?xml version="1.0" encoding="UTF-8"?>
<!-- Generated by org.testng.reporters.JUnitXMLReporter -->
<testsuite hostname="kartikey" ignored="0" name="Default test" tests="4" failures="0" timestamp="16 Jun 2019 17:28:00 GMT" time="0.087" errors="0">
  <testcase name="inputData" time="0.015" classname="TestNG.DataProviderExample"/>
  <testcase name="inputData" time="0.004" classname="TestNG.DataProviderExample"/>
  <testcase name="inputData" time="0.004" classname="TestNG.DataProviderExample"/>
  <testcase name="inputData" time="0.003" classname="TestNG.DataProviderExample"/>
</testsuite> <!-- Default test -->
