<?xml version="1.0" encoding="UTF-8"?>
<!-- Generated by org.testng.reporters.JUnitXMLReporter -->
<testsuite hostname="kartikey" ignored="0" name="Default test" tests="4" failures="0" timestamp="07 Sep 2019 16:36:46 GMT" time="66.98" errors="0">
  <testcase name="loginDemoTours" time="19.693" classname="DataDrivenTest.DemoTours_UsingExcel"/>
  <testcase name="loginDemoTours" time="14.324" classname="DataDrivenTest.DemoTours_UsingExcel"/>
  <testcase name="loginDemoTours" time="14.307" classname="DataDrivenTest.DemoTours_UsingExcel"/>
  <testcase name="loginDemoTours" time="14.346" classname="DataDrivenTest.DemoTours_UsingExcel"/>
</testsuite> <!-- Default test -->
