<?xml version="1.0" encoding="UTF-8"?>
<!-- Generated by org.testng.reporters.JUnitXMLReporter -->
<testsuite hostname="kartikey" ignored="0" name="Test" tests="1" failures="1" timestamp="14 Sep 2019 16:49:57 GMT" time="18.859" errors="0">
  <testcase name="testEasy" time="8.845" classname="edurekaTest.NewTest">
    <failure type="java.lang.AssertionError" message="expected [true] but found [false]">
      <![CDATA[java.lang.AssertionError: expected [true] but found [false]
at edurekaTest.NewTest.testEasy(NewTest.java:17)
... Removed 29 stack frames]]>
    </failure>
  </testcase> <!-- testEasy -->
</testsuite> <!-- Test -->
