<?xml version="1.0" encoding="UTF-8"?>
<!-- Generated by org.testng.reporters.JUnitXMLReporter -->
<testsuite hostname="kartikey" ignored="3" name="Default test" tests="7" failures="0" timestamp="25 Aug 2019 16:57:43 GMT" time="0.12" errors="0">
  <testcase name="f1" time="0.018" classname="TestNG.GroupingDemo1"/>
  <testcase name="f2" time="0.003" classname="TestNG.GroupingDemo1"/>
  <testcase name="f4" time="0.002" classname="TestNG.GroupingDemo1"/>
  <testcase name="g2" time="0.005" classname="TestNG.GroupingDemo2"/>
  <testcase name="g3" time="0.003" classname="TestNG.GroupingDemo2"/>
  <testcase name="g4" time="0.004" classname="TestNG.GroupingDemo2"/>
  <testcase name="g5" time="0.002" classname="TestNG.GroupingDemo2"/>
  <testcase name="g1" time="0.0" classname="TestNG.GroupingDemo2">
    <ignored/>
  </testcase> <!-- g1 -->
  <testcase name="f3" time="0.0" classname="TestNG.GroupingDemo1">
    <ignored/>
  </testcase> <!-- f3 -->
  <testcase name="f5" time="0.0" classname="TestNG.GroupingDemo1">
    <ignored/>
  </testcase> <!-- f5 -->
</testsuite> <!-- Default test -->
