<?xml version="1.0" encoding="UTF-8"?>
<testng-results skipped="0" failed="0" ignored="0" total="1" passed="1">
  <reporter-output>
  </reporter-output>
  <suite name="Default suite" duration-ms="16973" started-at="2019-09-01T17:41:04Z" finished-at="2019-09-01T17:41:21Z">
    <groups>
    </groups>
    <test name="Default test" duration-ms="16973" started-at="2019-09-01T17:41:04Z" finished-at="2019-09-01T17:41:21Z">
      <class name="testcases.verifyValidUserLogin">
        <test-method status="PASS" signature="f()[pri:0, instance:testcases.verifyValidUserLogin@15d0c81b]" name="f" duration-ms="16931" started-at="2019-09-01T17:41:04Z" finished-at="2019-09-01T17:41:21Z">
          <reporter-output>
          </reporter-output>
        </test-method> <!-- f -->
      </class> <!-- testcases.verifyValidUserLogin -->
    </test> <!-- Default test -->
  </suite> <!-- Default suite -->
</testng-results>
